<?xml version="1.0" encoding="UTF-8"?>
<!-- Generated by org.testng.reporters.JUnitXMLReporter -->
<testsuite hostname="HDU82504" name="Chrome 70 - Windows" tests="3" failures="0" timestamp="6 Dec 2021 17:31:39 GMT" time="266.473" errors="0">
  <testcase name="testar003" time="75.67" classname="exemplos._003CompraDebitoAutomaticoVeja"/>
  <testcase name="testar004" time="53.961" classname="exemplos._004CompraBoletoBancarioVeja"/>
  <testcase name="testar001" time="78.358" classname="exemplos._005LoginOrgBlockFechadoWEB"/>
</testsuite> <!-- Chrome 70 - Windows -->
