<?xml version="1.0" encoding="UTF-8"?>
<!-- Generated by org.testng.reporters.JUnitXMLReporter -->
<testsuite hostname="CR7265ET135" ignored="0" name="Firefox 52 - Windows" tests="2" failures="1" timestamp="15 mai 2019 18:47:58 GMT" time="22.189" errors="0">
  <testcase name="@AfterMethod tearDown" time="0.002" classname="ftor_testng.TestUtils">
    <failure type="java.lang.NullPointerException">
      <![CDATA[java.lang.NullPointerException
at ftor_testng.ReportLog.finalizarGravacaoVideoExecucaoCasoTeste(ReportLog.java:376)
at ftor_testng.TestUtils.tearDown(TestUtils.java:121)
... Removed 28 stack frames]]>
    </failure>
  </testcase> <!-- @AfterMethod tearDown -->
  <testcase name="@BeforeMethod defineBrowser" time="0.0" classname="ftor_testng.TestUtils">
    <skipped/>
  </testcase> <!-- @BeforeMethod defineBrowser -->
  <testcase name="@AfterMethod tearDown" time="0.0" classname="ftor_testng.TestUtils">
    <skipped/>
  </testcase> <!-- @AfterMethod tearDown -->
  <testcase name="testar001" time="0.011" classname="exemplos._001CalcularPrecoPrazoEntregaCartaRegistrada">
    <failure type="java.lang.Exception">
      <![CDATA[java.lang.Exception
at ftor_testng.DataDriven.lerCSV(DataDriven.java:72)
at ftor_testng.ConfigureExecution.configurarExecucaoCasosTeste(ConfigureExecution.java:37)
at exemplos._001CalcularPrecoPrazoEntregaCartaRegistrada.testar001(_001CalcularPrecoPrazoEntregaCartaRegistrada.java:14)
... Removed 25 stack frames]]>
    </failure>
  </testcase> <!-- testar001 -->
  <testcase name="testar002" time="0.0" classname="exemplos._002CalcularPrecoPrazoEntregaCartaSimples">
    <skipped/>
  </testcase> <!-- testar002 -->
</testsuite> <!-- Firefox 52 - Windows -->
