<?xml version="1.0" encoding="UTF-8"?>
<testng-results skipped="0" failed="0" total="1" passed="1">
  <reporter-output>
  </reporter-output>
  <suite name="Default suite" duration-ms="78212" started-at="2021-12-02T17:57:16Z" finished-at="2021-12-02T17:58:34Z">
    <groups>
    </groups>
    <test name="Default test" duration-ms="78212" started-at="2021-12-02T17:57:16Z" finished-at="2021-12-02T17:58:34Z">
      <class name="exemplos._004CompraBoletoBancarioVeja">
        <test-method status="PASS" signature="setUp()[pri:0, instance:exemplos._004CompraBoletoBancarioVeja@7823a2f9]" name="setUp" is-config="true" duration-ms="22993" started-at="2021-12-02T14:57:16Z" finished-at="2021-12-02T14:57:39Z">
          <reporter-output>
          </reporter-output>
        </test-method> <!-- setUp -->
        <test-method status="PASS" signature="testar004()[pri:0, instance:exemplos._004CompraBoletoBancarioVeja@7823a2f9]" name="testar004" duration-ms="52807" started-at="2021-12-02T14:57:39Z" finished-at="2021-12-02T14:58:32Z">
          <reporter-output>
          </reporter-output>
        </test-method> <!-- testar004 -->
        <test-method status="PASS" signature="tearDown()[pri:0, instance:exemplos._004CompraBoletoBancarioVeja@7823a2f9]" name="tearDown" is-config="true" duration-ms="2352" started-at="2021-12-02T14:58:32Z" finished-at="2021-12-02T14:58:34Z">
          <reporter-output>
          </reporter-output>
        </test-method> <!-- tearDown -->
      </class> <!-- exemplos._004CompraBoletoBancarioVeja -->
    </test> <!-- Default test -->
  </suite> <!-- Default suite -->
</testng-results>
