<?xml version="1.0" encoding="UTF-8"?>
<testng-results skipped="0" failed="0" total="3" passed="3">
  <reporter-output>
  </reporter-output>
  <suite name="ProjetoGrupoAbril" duration-ms="266473" started-at="2021-12-06T17:27:12Z" finished-at="2021-12-06T17:31:39Z">
    <groups>
    </groups>
    <test name="Chrome 70 - Windows" duration-ms="266473" started-at="2021-12-06T17:27:12Z" finished-at="2021-12-06T17:31:39Z">
      <class name="exemplos._003CompraDebitoAutomaticoVeja">
        <test-method status="PASS" signature="setUp()[pri:0, instance:exemplos._003CompraDebitoAutomaticoVeja@1b604f19]" name="setUp" is-config="true" duration-ms="7865" started-at="2021-12-06T14:27:12Z" finished-at="2021-12-06T14:27:20Z">
          <reporter-output>
          </reporter-output>
        </test-method> <!-- setUp -->
        <test-method status="PASS" signature="testar003()[pri:0, instance:exemplos._003CompraDebitoAutomaticoVeja@1b604f19]" name="testar003" duration-ms="75670" started-at="2021-12-06T14:27:20Z" finished-at="2021-12-06T14:28:36Z">
          <reporter-output>
          </reporter-output>
        </test-method> <!-- testar003 -->
        <test-method status="PASS" signature="tearDown()[pri:0, instance:exemplos._003CompraDebitoAutomaticoVeja@1b604f19]" name="tearDown" is-config="true" duration-ms="2277" started-at="2021-12-06T14:28:36Z" finished-at="2021-12-06T14:28:38Z">
          <reporter-output>
          </reporter-output>
        </test-method> <!-- tearDown -->
      </class> <!-- exemplos._003CompraDebitoAutomaticoVeja -->
      <class name="exemplos._005LoginOrgBlockFechadoWEB">
        <test-method status="PASS" signature="setUp()[pri:0, instance:exemplos._005LoginOrgBlockFechadoWEB@4cc0edeb]" name="setUp" is-config="true" duration-ms="13557" started-at="2021-12-06T14:29:45Z" finished-at="2021-12-06T14:29:59Z">
          <reporter-output>
          </reporter-output>
        </test-method> <!-- setUp -->
        <test-method status="PASS" signature="testar001()[pri:0, instance:exemplos._005LoginOrgBlockFechadoWEB@4cc0edeb]" name="testar001" duration-ms="78358" started-at="2021-12-06T14:29:59Z" finished-at="2021-12-06T14:31:17Z">
          <reporter-output>
          </reporter-output>
        </test-method> <!-- testar001 -->
        <test-method status="PASS" signature="tearDown()[pri:0, instance:exemplos._005LoginOrgBlockFechadoWEB@4cc0edeb]" name="tearDown" is-config="true" duration-ms="21492" started-at="2021-12-06T14:31:17Z" finished-at="2021-12-06T14:31:39Z">
          <reporter-output>
          </reporter-output>
        </test-method> <!-- tearDown -->
      </class> <!-- exemplos._005LoginOrgBlockFechadoWEB -->
      <class name="exemplos._004CompraBoletoBancarioVeja">
        <test-method status="PASS" signature="setUp()[pri:0, instance:exemplos._004CompraBoletoBancarioVeja@7823a2f9]" name="setUp" is-config="true" duration-ms="11014" started-at="2021-12-06T14:28:38Z" finished-at="2021-12-06T14:28:49Z">
          <reporter-output>
          </reporter-output>
        </test-method> <!-- setUp -->
        <test-method status="PASS" signature="testar004()[pri:0, instance:exemplos._004CompraBoletoBancarioVeja@7823a2f9]" name="testar004" duration-ms="53961" started-at="2021-12-06T14:28:49Z" finished-at="2021-12-06T14:29:43Z">
          <reporter-output>
          </reporter-output>
        </test-method> <!-- testar004 -->
        <test-method status="PASS" signature="tearDown()[pri:0, instance:exemplos._004CompraBoletoBancarioVeja@7823a2f9]" name="tearDown" is-config="true" duration-ms="2229" started-at="2021-12-06T14:29:43Z" finished-at="2021-12-06T14:29:45Z">
          <reporter-output>
          </reporter-output>
        </test-method> <!-- tearDown -->
      </class> <!-- exemplos._004CompraBoletoBancarioVeja -->
    </test> <!-- Chrome 70 - Windows -->
  </suite> <!-- ProjetoGrupoAbril -->
</testng-results>
